#
# There is insufficient memory for the Java Runtime Environment to continue.
# Native memory allocation (malloc) failed to allocate 1230896 bytes for Chunk::new
# Possible reasons:
#   The system is out of physical RAM or swap space
#   The process is running with CompressedOops enabled, and the Java Heap may be blocking the growth of the native heap
# Possible solutions:
#   Reduce memory load on the system
#   Increase physical memory or swap space
#   Check if swap backing store is full
#   Decrease Java heap size (-Xmx/-Xms)
#   Decrease number of Java threads
#   Decrease Java thread stack sizes (-Xss)
#   Set larger code cache with -XX:ReservedCodeCacheSize=
#   JVM is running with Unscaled Compressed Oops mode in which the Java heap is
#     placed in the first 4GB address space. The Java Heap base address is the
#     maximum limit for the native heap growth. Please use -XX:HeapBaseMinAddress
#     to set the Java Heap base and to place the Java Heap above 4GB virtual address.
# This output file may be truncated or incomplete.
#
#  Out of Memory Error (allocation.cpp:389), pid=5032, tid=0x00000000000026f0
#
# JRE version: OpenJDK Runtime Environment (8.0_212-b04) (build 1.8.0_212-release-1586-b04)
# Java VM: OpenJDK 64-Bit Server VM (25.212-b04 mixed mode windows-amd64 compressed oops)
# Failed to write core dump. Minidumps are not enabled by default on client versions of Windows
#

---------------  T H R E A D  ---------------

Current thread (0x000000001664c800):  JavaThread "C2 CompilerThread0" daemon [_thread_in_native, id=9968, stack(0x0000000017cd0000,0x0000000017dd0000)]

Stack: [0x0000000017cd0000,0x0000000017dd0000]
[error occurred during error reporting (printing stack bounds), id 0xc0000005]

Native frames: (J=compiled Java code, j=interpreted, Vv=VM code, C=native code)


Current CompileTask:
C2:23525785 37167       4       com.android.tools.r8.graph.H::a (1039 bytes)


---------------  P R O C E S S  ---------------

Java Threads: ( => current thread )
  0x000000001933e800 JavaThread "Cache worker for Java compile cache (C:\Users\yuril\Desktop\Curso Android\Projetos\TCSImplementacao\.gradle\5.6.4\javaCompile)" [_thread_blocked, id=11836, stack(0x0000000031490000,0x0000000031590000)]
  0x000000001933b800 JavaThread "RMI TCP Connection(idle)" daemon [_thread_blocked, id=16312, stack(0x0000000031390000,0x0000000031490000)]
  0x000000001dc58000 JavaThread "RMI TCP Connection(idle)" daemon [_thread_blocked, id=14512, stack(0x000000002f060000,0x000000002f160000)]
  0x000000001dc52800 JavaThread "RMI TCP Connection(idle)" daemon [_thread_blocked, id=1196, stack(0x000000002ee60000,0x000000002ef60000)]
  0x000000001dc49000 JavaThread "stdout" [_thread_in_native, id=5940, stack(0x000000002ec60000,0x000000002ed60000)]
  0x000000001fd70000 JavaThread "stderr" [_thread_in_native, id=20040, stack(0x000000002e920000,0x000000002ea20000)]
  0x000000001fd71800 JavaThread "stdout" [_thread_in_native, id=15148, stack(0x000000002e820000,0x000000002e920000)]
  0x000000001fd74800 JavaThread "stderr" [_thread_in_native, id=5236, stack(0x000000002e720000,0x000000002e820000)]
  0x000000001fd76000 JavaThread "stdout" [_thread_in_native, id=17480, stack(0x000000002e620000,0x000000002e720000)]
  0x000000001fd75800 JavaThread "stderr" [_thread_in_native, id=10648, stack(0x000000002e520000,0x000000002e620000)]
  0x000000001fd77000 JavaThread "stdout" [_thread_in_native, id=12680, stack(0x000000002e420000,0x000000002e520000)]
  0x00000000255fd800 JavaThread "stderr" [_thread_in_native, id=10104, stack(0x000000002e320000,0x000000002e420000)]
  0x0000000025604000 JavaThread "pool-166-thread-1" [_thread_blocked, id=18488, stack(0x000000002e220000,0x000000002e320000)]
  0x00000000255fc800 JavaThread "WorkerExecutor Queue Thread 4" [_thread_blocked, id=9152, stack(0x000000002e120000,0x000000002e220000)]
  0x00000000255fe000 JavaThread "WorkerExecutor Queue Thread 3" [_thread_blocked, id=11604, stack(0x000000002e020000,0x000000002e120000)]
  0x0000000025601000 JavaThread "WorkerExecutor Queue Thread 2" [_thread_blocked, id=3940, stack(0x000000002cb00000,0x000000002cc00000)]
  0x00000000255fb000 JavaThread "WorkerExecutor Queue" [_thread_blocked, id=2628, stack(0x000000002b850000,0x000000002b950000)]
  0x00000000255f7800 JavaThread "Cache worker for execution history cache (C:\Users\yuril\Desktop\Curso Android\Projetos\TCSImplementacao\.gradle\5.6.4\executionHistory)" [_thread_blocked, id=15236, stack(0x000000002b750000,0x000000002b850000)]
  0x000000001cc42800 JavaThread "Execution worker for ':' Thread 3" [_thread_in_native, id=5484, stack(0x0000000025f40000,0x0000000026040000)]
  0x000000001cc45000 JavaThread "Execution worker for ':' Thread 2" [_thread_in_Java, id=8272, stack(0x0000000025840000,0x0000000025940000)]
  0x000000001cc42000 JavaThread "Execution worker for ':'" [_thread_in_Java, id=4028, stack(0x0000000024100000,0x0000000024200000)]
  0x000000001cc45800 JavaThread "Cache worker for file content cache (C:\Users\yuril\Desktop\Curso Android\Projetos\TCSImplementacao\.gradle\5.6.4\fileContent)" [_thread_blocked, id=7156, stack(0x0000000023e00000,0x0000000023f00000)]
  0x000000001cc3a000 JavaThread "Cache worker for Build Output Cleanup Cache (C:\Users\yuril\Desktop\Curso Android\Projetos\TCSImplementacao\.gradle\buildOutputCleanup)" [_thread_in_native, id=16768, stack(0x0000000022930000,0x0000000022a30000)]
  0x000000001cc41000 JavaThread "Build operations Thread 4" [_thread_blocked, id=10868, stack(0x0000000021c00000,0x0000000021d00000)]
  0x000000001cc38800 JavaThread "Build operations Thread 3" [_thread_blocked, id=11964, stack(0x0000000020a50000,0x0000000020b50000)]
  0x000000001cc3c800 JavaThread "Build operations Thread 2" [_thread_blocked, id=19496, stack(0x0000000020650000,0x0000000020750000)]
  0x000000001cc38000 JavaThread "Build operations" [_thread_blocked, id=1968, stack(0x000000001ef10000,0x000000001f010000)]
  0x000000001cc3f000 JavaThread "Cache worker for cache directory md-rule (C:\Users\yuril\.gradle\caches\5.6.4\md-rule)" [_thread_blocked, id=10444, stack(0x000000001ebb0000,0x000000001ecb0000)]
  0x000000001cc3b000 JavaThread "Cache worker for cache directory md-supplier (C:\Users\yuril\.gradle\caches\5.6.4\md-supplier)" [_thread_blocked, id=21444, stack(0x000000001bf10000,0x000000001c010000)]
  0x000000001da56000 JavaThread "Cache worker for file hash cache (C:\Users\yuril\Desktop\Curso Android\Projetos\TCSImplementacao\.gradle\5.6.4\fileHashes)" [_thread_blocked, id=11832, stack(0x000000001be10000,0x000000001bf10000)]
  0x000000001da57000 JavaThread "Thread-1934" [_thread_blocked, id=16592, stack(0x000000001bd10000,0x000000001be10000)]
  0x000000001da55800 JavaThread "Stdin handler" [_thread_blocked, id=3436, stack(0x000000001bc10000,0x000000001bd10000)]
  0x000000001da58800 JavaThread "Asynchronous log dispatcher for DefaultDaemonConnection: socket connection from /127.0.0.1:60185 to /127.0.0.1:64572" [_thread_blocked, id=9984, stack(0x000000001bb10000,0x000000001bc10000)]
  0x000000001da54800 JavaThread "Daemon worker Thread 58" [_thread_in_Java, id=13208, stack(0x000000001b810000,0x000000001b910000)]
  0x000000001da5b800 JavaThread "Cancel handler" [_thread_blocked, id=1296, stack(0x000000001b710000,0x000000001b810000)]
  0x000000001da5a800 JavaThread "Handler for socket connection from /127.0.0.1:60185 to /127.0.0.1:64572" [_thread_in_native, id=21412, stack(0x0000000001130000,0x0000000001230000)]
  0x000000001da5a000 JavaThread "Daemon Thread 58" [_thread_blocked, id=1192, stack(0x0000000001030000,0x0000000001130000)]
  0x0000000019340000 JavaThread "RMI Reaper" [_thread_blocked, id=9756, stack(0x000000002c550000,0x000000002c650000)]
  0x000000001933d000 JavaThread "GC Daemon" daemon [_thread_blocked, id=9464, stack(0x000000002be50000,0x000000002bf50000)]
  0x000000001dc56800 JavaThread "Cache worker for Java compile cache (C:\Users\yuril\.gradle\caches\5.6.4\javaCompile)" [_thread_blocked, id=12652, stack(0x0000000000f30000,0x0000000001030000)]
  0x000000001cc44000 JavaThread "RMI TCP Accept-0" daemon [_thread_in_native, id=3240, stack(0x000000002b950000,0x000000002ba50000)]
  0x000000001cc46800 JavaThread "RMI Scheduler(0)" daemon [_thread_blocked, id=2312, stack(0x000000002b650000,0x000000002b750000)]
  0x000000001dc55000 JavaThread "Cache worker for file content cache (C:\Users\yuril\.gradle\caches\5.6.4\fileContent)" [_thread_blocked, id=13400, stack(0x0000000022610000,0x0000000022710000)]
  0x000000001dc4b000 JavaThread "Memory manager" [_thread_blocked, id=9672, stack(0x0000000021d00000,0x0000000021e00000)]
  0x000000001dc4f000 JavaThread "Cache worker for execution history cache (C:\Users\yuril\.gradle\caches\5.6.4\executionHistory)" [_thread_blocked, id=7480, stack(0x0000000020750000,0x0000000020850000)]
  0x00000000194a1800 JavaThread "Cache worker for journal cache (C:\Users\yuril\.gradle\caches\journal-1)" [_thread_blocked, id=12628, stack(0x000000001c410000,0x000000001c510000)]
  0x00000000194a3000 JavaThread "File lock request listener" [_thread_in_native, id=4388, stack(0x000000001c310000,0x000000001c410000)]
  0x00000000194a3800 JavaThread "Cache worker for file hash cache (C:\Users\yuril\.gradle\caches\5.6.4\fileHashes)" [_thread_blocked, id=15404, stack(0x000000001c210000,0x000000001c310000)]
  0x0000000019e5e000 JavaThread "Daemon periodic checks" [_thread_blocked, id=19612, stack(0x000000001b610000,0x000000001b710000)]
  0x0000000019e5d000 JavaThread "Incoming local TCP Connector on port 60185" [_thread_in_native, id=12476, stack(0x000000001b3b0000,0x000000001b4b0000)]
  0x00000000187ba800 JavaThread "Daemon health stats" [_thread_blocked, id=3476, stack(0x000000001ad70000,0x000000001ae70000)]
  0x0000000017ff1800 JavaThread "Service Thread" daemon [_thread_blocked, id=13476, stack(0x00000000183d0000,0x00000000184d0000)]
  0x000000001665a000 JavaThread "C1 CompilerThread2" daemon [_thread_blocked, id=18340, stack(0x0000000017ed0000,0x0000000017fd0000)]
  0x0000000016653800 JavaThread "C2 CompilerThread1" daemon [_thread_in_native, id=2000, stack(0x0000000017dd0000,0x0000000017ed0000)]
=>0x000000001664c800 JavaThread "C2 CompilerThread0" daemon [_thread_in_native, id=9968, stack(0x0000000017cd0000,0x0000000017dd0000)]
  0x000000001664b000 JavaThread "Attach Listener" daemon [_thread_blocked, id=17692, stack(0x0000000017bd0000,0x0000000017cd0000)]
  0x0000000016657800 JavaThread "Signal Dispatcher" daemon [_thread_blocked, id=17448, stack(0x0000000017ad0000,0x0000000017bd0000)]
  0x0000000002cdc000 JavaThread "Finalizer" daemon [_thread_blocked, id=17996, stack(0x00000000178c0000,0x00000000179c0000)]
  0x0000000016639000 JavaThread "Reference Handler" daemon [_thread_blocked, id=7752, stack(0x00000000177c0000,0x00000000178c0000)]
  0x00000000012fe800 JavaThread "main" [_thread_blocked, id=13896, stack(0x0000000002ae0000,0x0000000002be0000)]

Other Threads:
  0x0000000016616000 VMThread [stack: 0x00000000176c0000,0x00000000177c0000] [id=17924]
  0x0000000017ff4000 WatcherThread [stack: 0x00000000184d0000,0x00000000185d0000] [id=11976]

VM state:not at safepoint (normal execution)

VM Mutex/Monitor currently owned by a thread: None

heap address: 0x00000000a0000000, size: 1536 MB, Compressed Oops mode: 32-bit
Narrow klass base: 0x0000000000000000, Narrow klass shift: 3
Compressed class space size: 1073741824 Address: 0x0000000100000000

Heap:
 PSYoungGen      total 311808K, used 132970K [0x00000000e0000000, 0x00000000f6400000, 0x0000000100000000)
  eden space 280576K, 45% used [0x00000000e0000000,0x00000000e7ca6860,0x00000000f1200000)
  from space 31232K, 17% used [0x00000000f2f00000,0x00000000f3434010,0x00000000f4d80000)
  to   space 29696K, 0% used [0x00000000f1200000,0x00000000f1200000,0x00000000f2f00000)
 ParOldGen       total 226816K, used 181257K [0x00000000a0000000, 0x00000000add80000, 0x00000000e0000000)
  object space 226816K, 79% used [0x00000000a0000000,0x00000000ab1026c8,0x00000000add80000)
 Metaspace       used 112915K, capacity 121268K, committed 121408K, reserved 1155072K
  class space    used 14016K, capacity 15387K, committed 15464K, reserved 1048576K

Card table byte_map: [0x00000000120a0000,0x00000000123b0000] byte_map_base: 0x0000000011ba0000

Marking Bits: (ParMarkBitMap*) 0x00000000580d9f30
 Begin Bits: [0x00000000129b0000, 0x00000000141b0000)
 End Bits:   [0x00000000141b0000, 0x00000000159b0000)

Polling page: 0x0000000001280000

CodeCache: size=245760Kb used=101972Kb max_used=102765Kb free=143787Kb
 bounds [0x0000000002ce0000, 0x0000000009230000, 0x0000000011ce0000]
 total_blobs=28511 nmethods=27548 adapters=873
 compilation: enabled

Compilation events (10 events):
Event: 23525.554 Thread 0x000000001665a000 37798       2       com.android.tools.r8.u.b.L0::b (10 bytes)
Event: 23525.555 Thread 0x000000001665a000 nmethod 37798 0x0000000007b73ed0 code [0x0000000007b74040, 0x0000000007b74208]
Event: 23525.555 Thread 0x000000001665a000 37799       2       com.android.tools.r8.code.B2::<init> (7 bytes)
Event: 23525.555 Thread 0x000000001665a000 nmethod 37799 0x0000000007b73ad0 code [0x0000000007b73c40, 0x0000000007b73da8]
Event: 23525.634 Thread 0x000000001665a000 37800       3       com.android.tools.r8.u.b.g1::a (186 bytes)
Event: 23525.636 Thread 0x000000001665a000 nmethod 37800 0x000000000713cf10 code [0x000000000713d220, 0x000000000713eae8]
Event: 23525.646 Thread 0x000000001665a000 37801       2       com.android.builder.dexing.r8.ClassFileProviderFactory::close (58 bytes)
Event: 23525.647 Thread 0x000000001665a000 nmethod 37801 0x00000000043d7310 code [0x00000000043d74c0, 0x00000000043d7848]
Event: 23525.757 Thread 0x000000001665a000 37802       2       com.android.tools.r8.r.n.Q::a (110 bytes)
Event: 23525.758 Thread 0x000000001665a000 nmethod 37802 0x0000000008b30f10 code [0x0000000008b31140, 0x0000000008b31708]

GC Heap History (10 events):
Event: 23519.539 GC heap before
{Heap before GC invocations=194 (full 10):
 PSYoungGen      total 284160K, used 266626K [0x00000000e0000000, 0x00000000f4d80000, 0x0000000100000000)
  eden space 252416K, 100% used [0x00000000e0000000,0x00000000ef680000,0x00000000ef680000)
  from space 31744K, 44% used [0x00000000ef680000,0x00000000f0460b58,0x00000000f1580000)
  to   space 31232K, 0% used [0x00000000f2f00000,0x00000000f2f00000,0x00000000f4d80000)
 ParOldGen       total 226816K, used 131151K [0x00000000a0000000, 0x00000000add80000, 0x00000000e0000000)
  object space 226816K, 57% used [0x00000000a0000000,0x00000000a8013fc0,0x00000000add80000)
 Metaspace       used 112859K, capacity 121258K, committed 121408K, reserved 1155072K
  class space    used 14012K, capacity 15386K, committed 15464K, reserved 1048576K
Event: 23519.632 GC heap after
Heap after GC invocations=194 (full 10):
 PSYoungGen      total 306176K, used 26180K [0x00000000e0000000, 0x00000000f5880000, 0x0000000100000000)
  eden space 274944K, 0% used [0x00000000e0000000,0x00000000e0000000,0x00000000f0c80000)
  from space 31232K, 83% used [0x00000000f2f00000,0x00000000f48911c0,0x00000000f4d80000)
  to   space 35328K, 0% used [0x00000000f0c80000,0x00000000f0c80000,0x00000000f2f00000)
 ParOldGen       total 226816K, used 143277K [0x00000000a0000000, 0x00000000add80000, 0x00000000e0000000)
  object space 226816K, 63% used [0x00000000a0000000,0x00000000a8beb658,0x00000000add80000)
 Metaspace       used 112859K, capacity 121258K, committed 121408K, reserved 1155072K
  class space    used 14012K, capacity 15386K, committed 15464K, reserved 1048576K
}
Event: 23520.979 GC heap before
{Heap before GC invocations=195 (full 10):
 PSYoungGen      total 306176K, used 301124K [0x00000000e0000000, 0x00000000f5880000, 0x0000000100000000)
  eden space 274944K, 100% used [0x00000000e0000000,0x00000000f0c80000,0x00000000f0c80000)
  from space 31232K, 83% used [0x00000000f2f00000,0x00000000f48911c0,0x00000000f4d80000)
  to   space 35328K, 0% used [0x00000000f0c80000,0x00000000f0c80000,0x00000000f2f00000)
 ParOldGen       total 226816K, used 143277K [0x00000000a0000000, 0x00000000add80000, 0x00000000e0000000)
  object space 226816K, 63% used [0x00000000a0000000,0x00000000a8beb658,0x00000000add80000)
 Metaspace       used 112884K, capacity 121258K, committed 121408K, reserved 1155072K
  class space    used 14015K, capacity 15386K, committed 15464K, reserved 1048576K
Event: 23521.088 GC heap after
Heap after GC invocations=195 (full 10):
 PSYoungGen      total 310272K, used 9838K [0x00000000e0000000, 0x00000000f5880000, 0x0000000100000000)
  eden space 274944K, 0% used [0x00000000e0000000,0x00000000e0000000,0x00000000f0c80000)
  from space 35328K, 27% used [0x00000000f0c80000,0x00000000f161bb50,0x00000000f2f00000)
  to   space 31232K, 0% used [0x00000000f2f00000,0x00000000f2f00000,0x00000000f4d80000)
 ParOldGen       total 226816K, used 167416K [0x00000000a0000000, 0x00000000add80000, 0x00000000e0000000)
  object space 226816K, 73% used [0x00000000a0000000,0x00000000aa37e180,0x00000000add80000)
 Metaspace       used 112884K, capacity 121258K, committed 121408K, reserved 1155072K
  class space    used 14015K, capacity 15386K, committed 15464K, reserved 1048576K
}
Event: 23522.432 GC heap before
{Heap before GC invocations=196 (full 10):
 PSYoungGen      total 310272K, used 284782K [0x00000000e0000000, 0x00000000f5880000, 0x0000000100000000)
  eden space 274944K, 100% used [0x00000000e0000000,0x00000000f0c80000,0x00000000f0c80000)
  from space 35328K, 27% used [0x00000000f0c80000,0x00000000f161bb50,0x00000000f2f00000)
  to   space 31232K, 0% used [0x00000000f2f00000,0x00000000f2f00000,0x00000000f4d80000)
 ParOldGen       total 226816K, used 167416K [0x00000000a0000000, 0x00000000add80000, 0x00000000e0000000)
  object space 226816K, 73% used [0x00000000a0000000,0x00000000aa37e180,0x00000000add80000)
 Metaspace       used 112893K, capacity 121264K, committed 121408K, reserved 1155072K
  class space    used 14016K, capacity 15387K, committed 15464K, reserved 1048576K
Event: 23522.468 GC heap after
Heap after GC invocations=196 (full 10):
 PSYoungGen      total 306176K, used 4784K [0x00000000e0000000, 0x00000000f5880000, 0x0000000100000000)
  eden space 274944K, 0% used [0x00000000e0000000,0x00000000e0000000,0x00000000f0c80000)
  from space 31232K, 15% used [0x00000000f2f00000,0x00000000f33ac388,0x00000000f4d80000)
  to   space 35328K, 0% used [0x00000000f0c80000,0x00000000f0c80000,0x00000000f2f00000)
 ParOldGen       total 226816K, used 175336K [0x00000000a0000000, 0x00000000add80000, 0x00000000e0000000)
  object space 226816K, 77% used [0x00000000a0000000,0x00000000aab3a060,0x00000000add80000)
 Metaspace       used 112893K, capacity 121264K, committed 121408K, reserved 1155072K
  class space    used 14016K, capacity 15387K, committed 15464K, reserved 1048576K
}
Event: 23523.711 GC heap before
{Heap before GC invocations=197 (full 10):
 PSYoungGen      total 306176K, used 279728K [0x00000000e0000000, 0x00000000f5880000, 0x0000000100000000)
  eden space 274944K, 100% used [0x00000000e0000000,0x00000000f0c80000,0x00000000f0c80000)
  from space 31232K, 15% used [0x00000000f2f00000,0x00000000f33ac388,0x00000000f4d80000)
  to   space 35328K, 0% used [0x00000000f0c80000,0x00000000f0c80000,0x00000000f2f00000)
 ParOldGen       total 226816K, used 175336K [0x00000000a0000000, 0x00000000add80000, 0x00000000e0000000)
  object space 226816K, 77% used [0x00000000a0000000,0x00000000aab3a060,0x00000000add80000)
 Metaspace       used 112901K, capacity 121268K, committed 121408K, reserved 1155072K
  class space    used 14016K, capacity 15387K, committed 15464K, reserved 1048576K
Event: 23523.743 GC heap after
Heap after GC invocations=197 (full 10):
 PSYoungGen      total 310272K, used 2912K [0x00000000e0000000, 0x00000000f5880000, 0x0000000100000000)
  eden space 274944K, 0% used [0x00000000e0000000,0x00000000e0000000,0x00000000f0c80000)
  from space 35328K, 8% used [0x00000000f0c80000,0x00000000f0f58000,0x00000000f2f00000)
  to   space 31232K, 0% used [0x00000000f2f00000,0x00000000f2f00000,0x00000000f4d80000)
 ParOldGen       total 226816K, used 179037K [0x00000000a0000000, 0x00000000add80000, 0x00000000e0000000)
  object space 226816K, 78% used [0x00000000a0000000,0x00000000aaed76b0,0x00000000add80000)
 Metaspace       used 112901K, capacity 121268K, committed 121408K, reserved 1155072K
  class space    used 14016K, capacity 15387K, committed 15464K, reserved 1048576K
}
Event: 23525.096 GC heap before
{Heap before GC invocations=198 (full 10):
 PSYoungGen      total 310272K, used 277856K [0x00000000e0000000, 0x00000000f5880000, 0x0000000100000000)
  eden space 274944K, 100% used [0x00000000e0000000,0x00000000f0c80000,0x00000000f0c80000)
  from space 35328K, 8% used [0x00000000f0c80000,0x00000000f0f58000,0x00000000f2f00000)
  to   space 31232K, 0% used [0x00000000f2f00000,0x00000000f2f00000,0x00000000f4d80000)
 ParOldGen       total 226816K, used 179037K [0x00000000a0000000, 0x00000000add80000, 0x00000000e0000000)
  object space 226816K, 78% used [0x00000000a0000000,0x00000000aaed76b0,0x00000000add80000)
 Metaspace       used 112911K, capacity 121268K, committed 121408K, reserved 1155072K
  class space    used 14016K, capacity 15387K, committed 15464K, reserved 1048576K
Event: 23525.128 GC heap after
Heap after GC invocations=198 (full 10):
 PSYoungGen      total 311808K, used 5328K [0x00000000e0000000, 0x00000000f6400000, 0x0000000100000000)
  eden space 280576K, 0% used [0x00000000e0000000,0x00000000e0000000,0x00000000f1200000)
  from space 31232K, 17% used [0x00000000f2f00000,0x00000000f3434010,0x00000000f4d80000)
  to   space 29696K, 0% used [0x00000000f1200000,0x00000000f1200000,0x00000000f2f00000)
 ParOldGen       total 226816K, used 181257K [0x00000000a0000000, 0x00000000add80000, 0x00000000e0000000)
  object space 226816K, 79% used [0x00000000a0000000,0x00000000ab1026c8,0x00000000add80000)
 Metaspace       used 112911K, capacity 121268K, committed 121408K, reserved 1155072K
  class space    used 14016K, capacity 15387K, committed 15464K, reserved 1048576K
}

Deoptimization events (10 events):
Event: 23521.838 Thread 0x000000001cc45000 Uncommon trap: reason=bimorphic action=maybe_recompile pc=0x00000000081cd474 method=com.android.tools.r8.u.c.M.k(I)V @ 9
Event: 23522.877 Thread 0x000000001cc45000 Uncommon trap: reason=unstable_if action=reinterpret pc=0x000000000806ad80 method=com.android.tools.r8.ir.regalloc.i.b(I)Z @ 17
Event: 23522.972 Thread 0x000000001da54800 Uncommon trap: reason=class_check action=maybe_recompile pc=0x000000000486575c method=com.android.tools.r8.u.a.h.e.b(Lcom/android/tools/r8/u/b/d0;)V @ 244
Event: 23523.142 Thread 0x000000001cc45000 Uncommon trap: reason=bimorphic action=maybe_recompile pc=0x0000000007e6da78 method=com.android.tools.r8.u.b.i1.a(Lcom/android/tools/r8/ir/analysis/type/k;)Lcom/android/tools/r8/u/b/i1; @ 12
Event: 23523.246 Thread 0x000000001cc42800 Uncommon trap: reason=null_check action=make_not_entrant pc=0x0000000007bcbb44 method=com.android.tools.r8.s.a.a.b.j.b(Ljava/lang/Object;I)I @ 35
Event: 23524.124 Thread 0x000000001da54800 Uncommon trap: reason=class_check action=maybe_recompile pc=0x000000000486575c method=com.android.tools.r8.u.a.h.e.b(Lcom/android/tools/r8/u/b/d0;)V @ 244
Event: 23524.799 Thread 0x000000001cc42000 Uncommon trap: reason=bimorphic action=maybe_recompile pc=0x00000000081ad840 method=com.android.tools.r8.s.a.a.a.B$a.equals(Ljava/lang/Object;)Z @ 27
Event: 23524.904 Thread 0x000000001cc42000 Uncommon trap: reason=unstable_if action=reinterpret pc=0x0000000007fa2664 method=com.android.tools.r8.v.a.a.a.f.x0$e.contains(Ljava/lang/Object;)Z @ 176
Event: 23525.476 Thread 0x000000001cc45000 Uncommon trap: reason=null_check action=make_not_entrant pc=0x0000000004b0aa4c method=com.android.tools.r8.graph.d0.computeEquals(Ljava/lang/Object;)Z @ 1
Event: 23525.626 Thread 0x000000001da54800 Uncommon trap: reason=unstable_if action=reinterpret pc=0x0000000007230fd8 method=com.android.tools.r8.u.b.g1.a(Lcom/android/tools/r8/graph/e;Lcom/android/tools/r8/u/b/T;Ljava/util/function/Predicate;Ljava/util/Set;)Z @ 166

Classes redefined (0 events):
No events

Internal exceptions (10 events):
Event: 23524.559 Thread 0x000000001cc42800 Exception <a 'sun/nio/fs/WindowsException'> (0x00000000e9c190a0) thrown at [D:\src\AOSP-openjdk-cygwin\jdk8u\hotspot\src\share\vm\prims\jni.cpp, line 710]
Event: 23524.833 Thread 0x000000001cc42800 Exception <a 'sun/nio/fs/WindowsException'> (0x00000000ececd708) thrown at [D:\src\AOSP-openjdk-cygwin\jdk8u\hotspot\src\share\vm\prims\jni.cpp, line 710]
Event: 23524.847 Thread 0x000000001cc42800 Exception <a 'sun/nio/fs/WindowsException'> (0x00000000eda94af8) thrown at [D:\src\AOSP-openjdk-cygwin\jdk8u\hotspot\src\share\vm\prims\jni.cpp, line 710]
Event: 23525.233 Thread 0x000000001cc42800 Exception <a 'sun/nio/fs/WindowsException'> (0x00000000e03228d0) thrown at [D:\src\AOSP-openjdk-cygwin\jdk8u\hotspot\src\share\vm\prims\jni.cpp, line 710]
Event: 23525.310 Thread 0x000000001cc42800 Exception <a 'sun/nio/fs/WindowsException'> (0x00000000e20e11a8) thrown at [D:\src\AOSP-openjdk-cygwin\jdk8u\hotspot\src\share\vm\prims\jni.cpp, line 710]
Event: 23525.476 Thread 0x000000001cc45000 Implicit null exception at 0x0000000004b0a6f6 to 0x0000000004b0aa22
Event: 23525.533 Thread 0x000000001cc45000 Exception <a 'sun/nio/fs/WindowsException'> (0x00000000e4f5e650) thrown at [D:\src\AOSP-openjdk-cygwin\jdk8u\hotspot\src\share\vm\prims\jni.cpp, line 710]
Event: 23525.590 Thread 0x000000001cc42800 Exception <a 'sun/nio/fs/WindowsException'> (0x00000000e5c10e78) thrown at [D:\src\AOSP-openjdk-cygwin\jdk8u\hotspot\src\share\vm\prims\jni.cpp, line 710]
Event: 23525.644 Thread 0x000000001cc42800 Exception <a 'sun/nio/fs/WindowsException'> (0x00000000e63a43a8) thrown at [D:\src\AOSP-openjdk-cygwin\jdk8u\hotspot\src\share\vm\prims\jni.cpp, line 710]
Event: 23525.766 Thread 0x000000001cc45000 Exception <a 'sun/nio/fs/WindowsException'> (0x00000000e76804c0) thrown at [D:\src\AOSP-openjdk-cygwin\jdk8u\hotspot\src\share\vm\prims\jni.cpp, line 710]

Events (10 events):
Event: 23525.701 Thread 0x000000001cc42000 DEOPT UNPACKING pc=0x0000000002d275d0 sp=0x00000000241fbef0 mode 0
Event: 23525.728 Thread 0x000000001da54800 DEOPT PACKING pc=0x00000000063a1f1e sp=0x000000001b909f50
Event: 23525.728 Thread 0x000000001da54800 DEOPT UNPACKING pc=0x0000000002d275d0 sp=0x000000001b909da0 mode 0
Event: 23525.768 Thread 0x000000001da54800 DEOPT PACKING pc=0x00000000090668ef sp=0x000000001b90a040
Event: 23525.768 Thread 0x000000001da54800 DEOPT UNPACKING pc=0x0000000002d275d0 sp=0x000000001b909f10 mode 0
Event: 23525.769 Thread 0x000000001da54800 DEOPT PACKING pc=0x0000000007ee2947 sp=0x000000001b909ea0
Event: 23525.769 Thread 0x000000001da54800 DEOPT UNPACKING pc=0x0000000002d275d0 sp=0x000000001b909db0 mode 0
Event: 23525.770 Thread 0x000000001da54800 DEOPT PACKING pc=0x00000000063a1c31 sp=0x000000001b909f50
Event: 23525.770 Thread 0x000000001da54800 DEOPT UNPACKING pc=0x0000000002d275d0 sp=0x000000001b909d98 mode 0
Event: 23525.780 Thread 0x000000001da54800 DEOPT PACKING pc=0x0000000009041204 sp=0x000000001b909ad0


Dynamic libraries:
0x00007ff6a58d0000 - 0x00007ff6a5901000 	C:\Program Files\Android\Android Studio\jre\bin\java.exe
0x00007ff99ffa0000 - 0x00007ff9a0190000 	C:\WINDOWS\SYSTEM32\ntdll.dll
0x00007ff99eed0000 - 0x00007ff99ef82000 	C:\WINDOWS\System32\KERNEL32.DLL
0x00007ff99d220000 - 0x00007ff99d4c4000 	C:\WINDOWS\System32\KERNELBASE.dll
0x00007ff99e050000 - 0x00007ff99e0f3000 	C:\WINDOWS\System32\ADVAPI32.dll
0x00007ff99ead0000 - 0x00007ff99eb6e000 	C:\WINDOWS\System32\msvcrt.dll
0x00007ff99e940000 - 0x00007ff99e9d7000 	C:\WINDOWS\System32\sechost.dll
0x00007ff99f8e0000 - 0x00007ff99fa00000 	C:\WINDOWS\System32\RPCRT4.dll
0x00007ff99f740000 - 0x00007ff99f8d4000 	C:\WINDOWS\System32\USER32.dll
0x00007ff99d7f0000 - 0x00007ff99d811000 	C:\WINDOWS\System32\win32u.dll
0x00007ff99f500000 - 0x00007ff99f526000 	C:\WINDOWS\System32\GDI32.dll
0x00007ff99cf30000 - 0x00007ff99d0c4000 	C:\WINDOWS\System32\gdi32full.dll
0x00007ff99d180000 - 0x00007ff99d21e000 	C:\WINDOWS\System32\msvcp_win.dll
0x00007ff99d6a0000 - 0x00007ff99d79a000 	C:\WINDOWS\System32\ucrtbase.dll
0x00007ff98d5a0000 - 0x00007ff98d824000 	C:\WINDOWS\WinSxS\amd64_microsoft.windows.common-controls_6595b64144ccf1df_6.0.18362.836_none_e6c4b943130f18ed\COMCTL32.dll
0x00007ff99f1c0000 - 0x00007ff99f4f6000 	C:\WINDOWS\System32\combase.dll
0x00007ff99dfd0000 - 0x00007ff99e050000 	C:\WINDOWS\System32\bcryptPrimitives.dll
0x00007ff99fac0000 - 0x00007ff99faee000 	C:\WINDOWS\System32\IMM32.DLL
0x0000000057750000 - 0x0000000057822000 	C:\Program Files\Android\Android Studio\jre\jre\bin\msvcr100.dll
0x0000000057910000 - 0x0000000058156000 	C:\Program Files\Android\Android Studio\jre\jre\bin\server\jvm.dll
0x00007ff99e100000 - 0x00007ff99e108000 	C:\WINDOWS\System32\PSAPI.DLL
0x00007ff98b300000 - 0x00007ff98b309000 	C:\WINDOWS\SYSTEM32\WSOCK32.dll
0x00007ff999b10000 - 0x00007ff999b34000 	C:\WINDOWS\SYSTEM32\WINMM.dll
0x00007ff99eb70000 - 0x00007ff99ebdf000 	C:\WINDOWS\System32\WS2_32.dll
0x00007ff996e60000 - 0x00007ff996e6a000 	C:\WINDOWS\SYSTEM32\VERSION.dll
0x00007ff999ae0000 - 0x00007ff999b0d000 	C:\WINDOWS\SYSTEM32\winmmbase.dll
0x00007ff99d7a0000 - 0x00007ff99d7ea000 	C:\WINDOWS\System32\cfgmgr32.dll
0x00007ff995d70000 - 0x00007ff995d7f000 	C:\Program Files\Android\Android Studio\jre\jre\bin\verify.dll
0x00007ff98df80000 - 0x00007ff98dfa9000 	C:\Program Files\Android\Android Studio\jre\jre\bin\java.dll
0x00007ff98f930000 - 0x00007ff98f946000 	C:\Program Files\Android\Android Studio\jre\jre\bin\zip.dll
0x00007ff99e250000 - 0x00007ff99e934000 	C:\WINDOWS\System32\SHELL32.dll
0x00007ff99ebe0000 - 0x00007ff99ec89000 	C:\WINDOWS\System32\shcore.dll
0x00007ff99d850000 - 0x00007ff99dfce000 	C:\WINDOWS\System32\windows.storage.dll
0x00007ff99ceb0000 - 0x00007ff99ced3000 	C:\WINDOWS\System32\profapi.dll
0x00007ff99cee0000 - 0x00007ff99cf2a000 	C:\WINDOWS\System32\powrprof.dll
0x00007ff99ce60000 - 0x00007ff99ce70000 	C:\WINDOWS\System32\UMPDC.dll
0x00007ff99fa00000 - 0x00007ff99fa52000 	C:\WINDOWS\System32\shlwapi.dll
0x00007ff99ce90000 - 0x00007ff99cea1000 	C:\WINDOWS\System32\kernel.appcore.dll
0x00007ff99d680000 - 0x00007ff99d697000 	C:\WINDOWS\System32\cryptsp.dll
0x00007ff97e0a0000 - 0x00007ff97e0ba000 	C:\Program Files\Android\Android Studio\jre\jre\bin\net.dll
0x00007ff98b4c0000 - 0x00007ff98b696000 	C:\WINDOWS\SYSTEM32\urlmon.dll
0x00007ff98a940000 - 0x00007ff98abe6000 	C:\WINDOWS\SYSTEM32\iertutil.dll
0x00007ff99c840000 - 0x00007ff99c84c000 	C:\WINDOWS\SYSTEM32\CRYPTBASE.DLL
0x00007ff99c670000 - 0x00007ff99c6d7000 	C:\WINDOWS\system32\mswsock.dll
0x00007ff97b330000 - 0x00007ff97b343000 	C:\Program Files\Android\Android Studio\jre\jre\bin\nio.dll
0x00007ff995db0000 - 0x00007ff995dd6000 	C:\Users\yuril\.gradle\native\30\windows-amd64\native-platform.dll
0x00007ff98c730000 - 0x00007ff98c73d000 	C:\Program Files\Android\Android Studio\jre\jre\bin\management.dll
0x00007ff99c1e0000 - 0x00007ff99c213000 	C:\WINDOWS\system32\rsaenh.dll
0x00007ff99d820000 - 0x00007ff99d846000 	C:\WINDOWS\System32\bcrypt.dll
0x00007ff99cd80000 - 0x00007ff99cda5000 	C:\WINDOWS\SYSTEM32\USERENV.dll
0x00007ff99c380000 - 0x00007ff99c3ba000 	C:\WINDOWS\SYSTEM32\IPHLPAPI.DLL
0x00007ff99ea00000 - 0x00007ff99ea08000 	C:\WINDOWS\System32\NSI.dll
0x00007ff994160000 - 0x00007ff994176000 	C:\WINDOWS\SYSTEM32\dhcpcsvc6.DLL
0x00007ff994b40000 - 0x00007ff994b5c000 	C:\WINDOWS\SYSTEM32\dhcpcsvc.DLL
0x00007ff99c3c0000 - 0x00007ff99c48b000 	C:\WINDOWS\SYSTEM32\DNSAPI.dll
0x00007ff979740000 - 0x00007ff979764000 	C:\Program Files\Android\Android Studio\jre\jre\bin\sunec.dll
0x00007ff996470000 - 0x00007ff99647a000 	C:\Windows\System32\rasadhlp.dll
0x00007ff993910000 - 0x00007ff993987000 	C:\WINDOWS\System32\fwpuclnt.dll
0x00007ff98b9a0000 - 0x00007ff98b9ab000 	C:\Program Files\Android\Android Studio\jre\jre\bin\sunmscapi.dll
0x00007ff99d530000 - 0x00007ff99d679000 	C:\WINDOWS\System32\CRYPT32.dll
0x00007ff99ce70000 - 0x00007ff99ce82000 	C:\WINDOWS\System32\MSASN1.dll
0x00007ff98f950000 - 0x00007ff98f96e000 	C:\Users\yuril\AppData\Local\Temp\native-platform204284831514867196dir\native-platform.dll

VM Arguments:
jvm_args: -Xmx1536m -Dfile.encoding=windows-1252 -Duser.country=BR -Duser.language=pt -Duser.variant 
java_command: org.gradle.launcher.daemon.bootstrap.GradleDaemon 5.6.4
java_class_path (initial): C:\Users\yuril\.gradle\wrapper\dists\gradle-5.6.4-all\ankdp27end7byghfw1q2sw75f\gradle-5.6.4\lib\gradle-launcher-5.6.4.jar
Launcher Type: SUN_STANDARD

Environment Variables:
PATH=C:\Program Files (x86)\Embarcadero\Studio\20.0\bin;C:\Users\Public\Documents\Embarcadero\Studio\20.0\Bpl;C:\Program Files (x86)\Embarcadero\Studio\20.0\bin64;C:\Users\Public\Documents\Embarcadero\Studio\20.0\Bpl\Win64;C:\Program Files (x86)\Common Files\Oracle\Java\javapath;C:\WINDOWS\system32;C:\WINDOWS;C:\WINDOWS\System32\Wbem;C:\WINDOWS\System32\WindowsPowerShell\v1.0\;C:\WINDOWS\System32\OpenSSH\;C:\Program Files\dotnet\;C:\Program Files\nodejs\;C:\Program Files\Microsoft SQL Server\130\Tools\Binn\;C:\Program Files\Microsoft SQL Server\Client SDK\ODBC\170\Tools\Binn\;C:\Program Files (x86)\Intel\Intel(R) Management Engine Components\DAL;C:\Program Files\Intel\Intel(R) Management Engine Components\DAL;C:\Users\yuril\AppData\Local\Microsoft\WindowsApps;C:\Users\yuril\AppData\Roaming\npm;C:\Users\yuril\AppData\Local\Programs\Microsoft VS Code\bin;C:\Users\yuril\AppData\Local\GitHubDesktop\bin;C:\Users\yuril\AppData\Local\Microsoft\WindowsApps;C:\src\flutter\bin;C:\Program Files\MongoDB\Server\4.0\bin;
USERNAME=yuril
OS=Windows_NT
PROCESSOR_IDENTIFIER=Intel64 Family 6 Model 78 Stepping 3, GenuineIntel



---------------  S Y S T E M  ---------------

OS: Windows 10.0 , 64 bit Build 18362 (10.0.18362.778)

CPU:total 4 (initial active 4) (2 cores per cpu, 2 threads per core) family 6 model 78 stepping 3, cmov, cx8, fxsr, mmx, sse, sse2, sse3, ssse3, sse4.1, sse4.2, popcnt, avx, avx2, aes, clmul, erms, 3dnowpref, lzcnt, ht, tsc, tscinvbit, bmi1, bmi2, adx

Memory: 4k page, physical 8264424k(748624k free), swap 12458728k(5508k free)

vm_info: OpenJDK 64-Bit Server VM (25.212-b04) for windows-amd64 JRE (1.8.0_212-release-1586-b04), built by "builder" with MS VC++ 10.0 (VS2010)

time: Tue May 19 23:06:58 2020
timezone: Hora oficial do Brasil
elapsed time: 23525 seconds (0d 6h 32m 5s)

