#
# There is insufficient memory for the Java Runtime Environment to continue.
# Native memory allocation (malloc) failed to allocate 678256 bytes for Chunk::new
# Possible reasons:
#   The system is out of physical RAM or swap space
#   The process is running with CompressedOops enabled, and the Java Heap may be blocking the growth of the native heap
# Possible solutions:
#   Reduce memory load on the system
#   Increase physical memory or swap space
#   Check if swap backing store is full
#   Decrease Java heap size (-Xmx/-Xms)
#   Decrease number of Java threads
#   Decrease Java thread stack sizes (-Xss)
#   Set larger code cache with -XX:ReservedCodeCacheSize=
#   JVM is running with Unscaled Compressed Oops mode in which the Java heap is
#     placed in the first 4GB address space. The Java Heap base address is the
#     maximum limit for the native heap growth. Please use -XX:HeapBaseMinAddress
#     to set the Java Heap base and to place the Java Heap above 4GB virtual address.
# This output file may be truncated or incomplete.
#
#  Out of Memory Error (allocation.cpp:389), pid=12960, tid=0x00000000000028c4
#
# JRE version: OpenJDK Runtime Environment (8.0_212-b04) (build 1.8.0_212-release-1586-b04)
# Java VM: OpenJDK 64-Bit Server VM (25.212-b04 mixed mode windows-amd64 compressed oops)
# Failed to write core dump. Minidumps are not enabled by default on client versions of Windows
#

---------------  T H R E A D  ---------------

Current thread (0x0000000017f21800):  JavaThread "C2 CompilerThread0" daemon [_thread_in_native, id=10436, stack(0x0000000019570000,0x0000000019670000)]

Stack: [0x0000000019570000,0x0000000019670000]
[error occurred during error reporting (printing stack bounds), id 0xc0000005]

Native frames: (J=compiled Java code, j=interpreted, Vv=VM code, C=native code)


Current CompileTask:
C2:   7172 4109       4       org.jetbrains.kotlin.load.java.structure.impl.classFiles.BinaryClassSignatureParser::parseParameterizedClassRefSignature (295 bytes)


---------------  P R O C E S S  ---------------

Java Threads: ( => current thread )
  0x0000000017f6e000 JavaThread "Service Thread" daemon [_thread_blocked, id=8432, stack(0x0000000019c70000,0x0000000019d70000)]
  0x0000000017f22000 JavaThread "C1 CompilerThread2" daemon [_thread_in_vm, id=18356, stack(0x0000000019770000,0x0000000019870000)]
  0x0000000017f15800 JavaThread "C2 CompilerThread1" daemon [_thread_in_native, id=16240, stack(0x0000000019670000,0x0000000019770000)]
=>0x0000000017f21800 JavaThread "C2 CompilerThread0" daemon [_thread_in_native, id=10436, stack(0x0000000019570000,0x0000000019670000)]
  0x0000000017f20000 JavaThread "Attach Listener" daemon [_thread_blocked, id=20568, stack(0x0000000019470000,0x0000000019570000)]
  0x0000000017f1e800 JavaThread "Signal Dispatcher" daemon [_thread_blocked, id=6420, stack(0x0000000019370000,0x0000000019470000)]
  0x0000000017f00000 JavaThread "Finalizer" daemon [_thread_blocked, id=8608, stack(0x0000000019160000,0x0000000019260000)]
  0x0000000017ef9000 JavaThread "Reference Handler" daemon [_thread_blocked, id=6832, stack(0x0000000019060000,0x0000000019160000)]
  0x000000000328a000 JavaThread "main" [_thread_in_vm, id=19116, stack(0x0000000003160000,0x0000000003260000)]

Other Threads:
  0x0000000017ed5800 VMThread [stack: 0x0000000018f60000,0x0000000019060000] [id=8376]
  0x00000000198b1000 WatcherThread [stack: 0x0000000019d70000,0x0000000019e70000] [id=21000]

VM state:not at safepoint (normal execution)

VM Mutex/Monitor currently owned by a thread:  ([mutex/lock_event])
[0x00000000033eed80] CodeCache_lock - owner thread: 0x0000000000000000

heap address: 0x0000000081e00000, size: 2018 MB, Compressed Oops mode: 32-bit
Narrow klass base: 0x0000000000000000, Narrow klass shift: 3
Compressed class space size: 1073741824 Address: 0x0000000100000000

Heap:
 PSYoungGen      total 102912K, used 85580K [0x00000000d5f80000, 0x00000000deb80000, 0x0000000100000000)
  eden space 97792K, 87% used [0x00000000d5f80000,0x00000000db3130e8,0x00000000dbf00000)
  from space 5120K, 0% used [0x00000000de180000,0x00000000de180000,0x00000000de680000)
  to   space 5120K, 0% used [0x00000000de680000,0x00000000de680000,0x00000000deb80000)
 ParOldGen       total 66048K, used 18959K [0x0000000081e00000, 0x0000000085e80000, 0x00000000d5f80000)
  object space 66048K, 28% used [0x0000000081e00000,0x0000000083083eb8,0x0000000085e80000)
 Metaspace       used 41584K, capacity 42372K, committed 42544K, reserved 1087488K
  class space    used 5164K, capacity 5347K, committed 5424K, reserved 1048576K

Card table byte_map: [0x00000000127b0000,0x0000000012bb0000] byte_map_base: 0x00000000123a1000

Marking Bits: (ParMarkBitMap*) 0x00000000580d9f30
 Begin Bits: [0x0000000013260000, 0x00000000151e8000)
 End Bits:   [0x00000000151e8000, 0x0000000017170000)

Polling page: 0x00000000019a0000

CodeCache: size=245760Kb used=13083Kb max_used=13083Kb free=232676Kb
 bounds [0x00000000033f0000, 0x00000000040c0000, 0x00000000123f0000]
 total_blobs=4758 nmethods=4296 adapters=375
 compilation: enabled

Compilation events (10 events):
Event: 7.160 Thread 0x0000000017f22000 nmethod 4309 0x00000000040b5990 code [0x00000000040b5b20, 0x00000000040b5f38]
Event: 7.160 Thread 0x0000000017f22000 4310       3       org.jetbrains.kotlin.resolve.descriptorUtil.DescriptorUtilsKt::getFqNameUnsafe (17 bytes)
Event: 7.161 Thread 0x0000000017f22000 nmethod 4310 0x00000000040b60d0 code [0x00000000040b62a0, 0x00000000040b67b8]
Event: 7.161 Thread 0x0000000017f22000 4312       3       org.jetbrains.kotlin.com.intellij.openapi.util.io.FileUtilRt::loadBytes (75 bytes)
Event: 7.162 Thread 0x0000000017f22000 nmethod 4312 0x00000000040b69d0 code [0x00000000040b6b60, 0x00000000040b6ff8]
Event: 7.164 Thread 0x0000000017f22000 4313       1       javaslang.collection.HashArrayMappedTrieModule$IndexedNode::size (5 bytes)
Event: 7.164 Thread 0x0000000017f22000 nmethod 4313 0x00000000040b7150 code [0x00000000040b72a0, 0x00000000040b73b0]
Event: 7.165 Thread 0x0000000017f22000 4314       3       org.jetbrains.kotlin.resolve.scopes.InnerClassesScopeWrapper::getContributedClassifier (88 bytes)
Event: 7.166 Thread 0x0000000017f22000 nmethod 4314 0x00000000040b7410 code [0x00000000040b75e0, 0x00000000040b7f08]
Event: 7.166 Thread 0x0000000017f22000 4315       3       javaslang.collection.HashArrayMappedTrieModule$IndexedNode::modify (363 bytes)

GC Heap History (10 events):
Event: 2.474 GC heap before
{Heap before GC invocations=3 (full 0):
 PSYoungGen      total 71680K, used 24256K [0x00000000d5f80000, 0x00000000daa80000, 0x0000000100000000)
  eden space 66560K, 28% used [0x00000000d5f80000,0x00000000d72302f0,0x00000000da080000)
  from space 5120K, 99% used [0x00000000da580000,0x00000000daa7feb8,0x00000000daa80000)
  to   space 5120K, 0% used [0x00000000da080000,0x00000000da080000,0x00000000da580000)
 ParOldGen       total 87552K, used 7634K [0x0000000081e00000, 0x0000000087380000, 0x00000000d5f80000)
  object space 87552K, 8% used [0x0000000081e00000,0x0000000082574ae0,0x0000000087380000)
 Metaspace       used 20809K, capacity 21238K, committed 21296K, reserved 1069056K
  class space    used 2463K, capacity 2591K, committed 2608K, reserved 1048576K
Event: 2.488 GC heap after
Heap after GC invocations=3 (full 0):
 PSYoungGen      total 71680K, used 5104K [0x00000000d5f80000, 0x00000000deb80000, 0x0000000100000000)
  eden space 66560K, 0% used [0x00000000d5f80000,0x00000000d5f80000,0x00000000da080000)
  from space 5120K, 99% used [0x00000000da080000,0x00000000da57c2a8,0x00000000da580000)
  to   space 5120K, 0% used [0x00000000de680000,0x00000000de680000,0x00000000deb80000)
 ParOldGen       total 87552K, used 11877K [0x0000000081e00000, 0x0000000087380000, 0x00000000d5f80000)
  object space 87552K, 13% used [0x0000000081e00000,0x0000000082999440,0x0000000087380000)
 Metaspace       used 20809K, capacity 21238K, committed 21296K, reserved 1069056K
  class space    used 2463K, capacity 2591K, committed 2608K, reserved 1048576K
}
Event: 2.488 GC heap before
{Heap before GC invocations=4 (full 1):
 PSYoungGen      total 71680K, used 5104K [0x00000000d5f80000, 0x00000000deb80000, 0x0000000100000000)
  eden space 66560K, 0% used [0x00000000d5f80000,0x00000000d5f80000,0x00000000da080000)
  from space 5120K, 99% used [0x00000000da080000,0x00000000da57c2a8,0x00000000da580000)
  to   space 5120K, 0% used [0x00000000de680000,0x00000000de680000,0x00000000deb80000)
 ParOldGen       total 87552K, used 11877K [0x0000000081e00000, 0x0000000087380000, 0x00000000d5f80000)
  object space 87552K, 13% used [0x0000000081e00000,0x0000000082999440,0x0000000087380000)
 Metaspace       used 20809K, capacity 21238K, committed 21296K, reserved 1069056K
  class space    used 2463K, capacity 2591K, committed 2608K, reserved 1048576K
Event: 2.542 GC heap after
Heap after GC invocations=4 (full 1):
 PSYoungGen      total 71680K, used 0K [0x00000000d5f80000, 0x00000000deb80000, 0x0000000100000000)
  eden space 66560K, 0% used [0x00000000d5f80000,0x00000000d5f80000,0x00000000da080000)
  from space 5120K, 0% used [0x00000000da080000,0x00000000da080000,0x00000000da580000)
  to   space 5120K, 0% used [0x00000000de680000,0x00000000de680000,0x00000000deb80000)
 ParOldGen       total 66048K, used 9195K [0x0000000081e00000, 0x0000000085e80000, 0x00000000d5f80000)
  object space 66048K, 13% used [0x0000000081e00000,0x00000000826fae28,0x0000000085e80000)
 Metaspace       used 20809K, capacity 21238K, committed 21296K, reserved 1069056K
  class space    used 2463K, capacity 2591K, committed 2608K, reserved 1048576K
}
Event: 4.204 GC heap before
{Heap before GC invocations=5 (full 1):
 PSYoungGen      total 71680K, used 66560K [0x00000000d5f80000, 0x00000000deb80000, 0x0000000100000000)
  eden space 66560K, 100% used [0x00000000d5f80000,0x00000000da080000,0x00000000da080000)
  from space 5120K, 0% used [0x00000000da080000,0x00000000da080000,0x00000000da580000)
  to   space 5120K, 0% used [0x00000000de680000,0x00000000de680000,0x00000000deb80000)
 ParOldGen       total 66048K, used 9195K [0x0000000081e00000, 0x0000000085e80000, 0x00000000d5f80000)
  object space 66048K, 13% used [0x0000000081e00000,0x00000000826fae28,0x0000000085e80000)
 Metaspace       used 29952K, capacity 30452K, committed 30768K, reserved 1077248K
  class space    used 3614K, capacity 3769K, committed 3888K, reserved 1048576K
Event: 4.233 GC heap after
Heap after GC invocations=5 (full 1):
 PSYoungGen      total 102912K, used 5090K [0x00000000d5f80000, 0x00000000deb80000, 0x0000000100000000)
  eden space 97792K, 0% used [0x00000000d5f80000,0x00000000d5f80000,0x00000000dbf00000)
  from space 5120K, 99% used [0x00000000de680000,0x00000000deb78918,0x00000000deb80000)
  to   space 5120K, 0% used [0x00000000de180000,0x00000000de180000,0x00000000de680000)
 ParOldGen       total 66048K, used 20642K [0x0000000081e00000, 0x0000000085e80000, 0x00000000d5f80000)
  object space 66048K, 31% used [0x0000000081e00000,0x00000000832288e0,0x0000000085e80000)
 Metaspace       used 29952K, capacity 30452K, committed 30768K, reserved 1077248K
  class space    used 3614K, capacity 3769K, committed 3888K, reserved 1048576K
}
Event: 4.904 GC heap before
{Heap before GC invocations=6 (full 1):
 PSYoungGen      total 102912K, used 29049K [0x00000000d5f80000, 0x00000000deb80000, 0x0000000100000000)
  eden space 97792K, 24% used [0x00000000d5f80000,0x00000000d76e5dd0,0x00000000dbf00000)
  from space 5120K, 99% used [0x00000000de680000,0x00000000deb78918,0x00000000deb80000)
  to   space 5120K, 0% used [0x00000000de180000,0x00000000de180000,0x00000000de680000)
 ParOldGen       total 66048K, used 20642K [0x0000000081e00000, 0x0000000085e80000, 0x00000000d5f80000)
  object space 66048K, 31% used [0x0000000081e00000,0x00000000832288e0,0x0000000085e80000)
 Metaspace       used 34665K, capacity 35230K, committed 35496K, reserved 1081344K
  class space    used 4420K, capacity 4584K, committed 4656K, reserved 1048576K
Event: 4.921 GC heap after
Heap after GC invocations=6 (full 1):
 PSYoungGen      total 102912K, used 5099K [0x00000000d5f80000, 0x00000000deb80000, 0x0000000100000000)
  eden space 97792K, 0% used [0x00000000d5f80000,0x00000000d5f80000,0x00000000dbf00000)
  from space 5120K, 99% used [0x00000000de180000,0x00000000de67add8,0x00000000de680000)
  to   space 5120K, 0% used [0x00000000de680000,0x00000000de680000,0x00000000deb80000)
 ParOldGen       total 66048K, used 26509K [0x0000000081e00000, 0x0000000085e80000, 0x00000000d5f80000)
  object space 66048K, 40% used [0x0000000081e00000,0x00000000837e3600,0x0000000085e80000)
 Metaspace       used 34665K, capacity 35230K, committed 35496K, reserved 1081344K
  class space    used 4420K, capacity 4584K, committed 4656K, reserved 1048576K
}
Event: 4.921 GC heap before
{Heap before GC invocations=7 (full 2):
 PSYoungGen      total 102912K, used 5099K [0x00000000d5f80000, 0x00000000deb80000, 0x0000000100000000)
  eden space 97792K, 0% used [0x00000000d5f80000,0x00000000d5f80000,0x00000000dbf00000)
  from space 5120K, 99% used [0x00000000de180000,0x00000000de67add8,0x00000000de680000)
  to   space 5120K, 0% used [0x00000000de680000,0x00000000de680000,0x00000000deb80000)
 ParOldGen       total 66048K, used 26509K [0x0000000081e00000, 0x0000000085e80000, 0x00000000d5f80000)
  object space 66048K, 40% used [0x0000000081e00000,0x00000000837e3600,0x0000000085e80000)
 Metaspace       used 34665K, capacity 35230K, committed 35496K, reserved 1081344K
  class space    used 4420K, capacity 4584K, committed 4656K, reserved 1048576K
Event: 5.036 GC heap after
Heap after GC invocations=7 (full 2):
 PSYoungGen      total 102912K, used 0K [0x00000000d5f80000, 0x00000000deb80000, 0x0000000100000000)
  eden space 97792K, 0% used [0x00000000d5f80000,0x00000000d5f80000,0x00000000dbf00000)
  from space 5120K, 0% used [0x00000000de180000,0x00000000de180000,0x00000000de680000)
  to   space 5120K, 0% used [0x00000000de680000,0x00000000de680000,0x00000000deb80000)
 ParOldGen       total 66048K, used 18959K [0x0000000081e00000, 0x0000000085e80000, 0x00000000d5f80000)
  object space 66048K, 28% used [0x0000000081e00000,0x0000000083083eb8,0x0000000085e80000)
 Metaspace       used 34665K, capacity 35230K, committed 35496K, reserved 1081344K
  class space    used 4420K, capacity 4584K, committed 4656K, reserved 1048576K
}

Deoptimization events (10 events):
Event: 6.146 Thread 0x000000000328a000 Uncommon trap: reason=unstable_if action=reinterpret pc=0x0000000003c75c08 method=org.jetbrains.kotlin.protobuf.CodedOutputStream.computeRawVarint32Size(I)I @ 14
Event: 6.311 Thread 0x000000000328a000 Uncommon trap: reason=unstable_if action=reinterpret pc=0x0000000003aa1884 method=java.lang.AbstractStringBuilder.append(Ljava/lang/CharSequence;)Ljava/lang/AbstractStringBuilder; @ 29
Event: 6.359 Thread 0x000000000328a000 Uncommon trap: reason=unstable_if action=reinterpret pc=0x0000000003d17eec method=gnu.trove.TObjectHash.insertionIndex(Ljava/lang/Object;)I @ 65
Event: 6.414 Thread 0x000000000328a000 Uncommon trap: reason=unstable_if action=reinterpret pc=0x0000000003c252a4 method=org.jetbrains.kotlin.com.intellij.util.text.CharArrayUtil.getChars(Ljava/lang/CharSequence;[CIII)V @ 51
Event: 6.560 Thread 0x000000000328a000 Uncommon trap: reason=unstable_if action=reinterpret pc=0x0000000003eae7e4 method=org.jetbrains.kotlin.metadata.ProtoBuf$ValueParameter.getSerializedSize()I @ 132
Event: 6.804 Thread 0x000000000328a000 Uncommon trap: reason=class_check action=maybe_recompile pc=0x0000000003fddac4 method=org.jetbrains.kotlin.load.java.structure.impl.classFiles.BinaryClassSignatureParser.parseParameterizedClassRefSignature(Ljava/text/CharacterIterator;Lorg/jetbrains/kotli
Event: 6.804 Thread 0x000000000328a000 Uncommon trap: reason=class_check action=maybe_recompile pc=0x0000000003fddac4 method=org.jetbrains.kotlin.load.java.structure.impl.classFiles.BinaryClassSignatureParser.parseParameterizedClassRefSignature(Ljava/text/CharacterIterator;Lorg/jetbrains/kotli
Event: 6.805 Thread 0x000000000328a000 Uncommon trap: reason=class_check action=maybe_recompile pc=0x0000000003fddac4 method=org.jetbrains.kotlin.load.java.structure.impl.classFiles.BinaryClassSignatureParser.parseParameterizedClassRefSignature(Ljava/text/CharacterIterator;Lorg/jetbrains/kotli
Event: 6.823 Thread 0x000000000328a000 Uncommon trap: reason=class_check action=maybe_recompile pc=0x0000000003fddac4 method=org.jetbrains.kotlin.load.java.structure.impl.classFiles.BinaryClassSignatureParser.parseParameterizedClassRefSignature(Ljava/text/CharacterIterator;Lorg/jetbrains/kotli
Event: 6.878 Thread 0x000000000328a000 Uncommon trap: reason=unstable_if action=reinterpret pc=0x0000000003d56ec8 method=gnu.trove.THash.postInsertHook(Z)V @ 49

Classes redefined (0 events):
No events

Internal exceptions (10 events):
Event: 2.073 Thread 0x000000000328a000 Exception <a 'java/lang/NoSuchMethodError': java.lang.Object.lambda$static$0()J> (0x00000000d625f390) thrown at [D:\src\AOSP-openjdk-cygwin\jdk8u\hotspot\src\share\vm\interpreter\linkResolver.cpp, line 620]
Event: 2.284 Thread 0x000000000328a000 Exception <a 'java/lang/NoSuchMethodError': java.lang.Object.lambda$static$0(I)[Lorg/jetbrains/kotlin/com/intellij/openapi/editor/event/DocumentListener;> (0x00000000d69aefe8) thrown at [D:\src\AOSP-openjdk-cygwin\jdk8u\hotspot\src\share\vm\interpreter\li
Event: 2.337 Thread 0x000000000328a000 Exception <a 'java/lang/NoSuchMethodError': java.lang.Object.lambda$static$0(I)[Lorg/jetbrains/kotlin/com/intellij/psi/PsiAnnotation;> (0x00000000d6bcb548) thrown at [D:\src\AOSP-openjdk-cygwin\jdk8u\hotspot\src\share\vm\interpreter\linkResolver.cpp, line
Event: 2.468 Thread 0x000000000328a000 Exception <a 'java/lang/NoSuchMethodError': java.lang.Object.lambda$static$0(I)[Lorg/jetbrains/kotlin/com/intellij/psi/PsiElement;> (0x00000000d7158f00) thrown at [D:\src\AOSP-openjdk-cygwin\jdk8u\hotspot\src\share\vm\interpreter\linkResolver.cpp, line 62
Event: 3.781 Thread 0x000000000328a000 Exception <a 'java/lang/ArrayIndexOutOfBoundsException': 126> (0x00000000d8fc39d0) thrown at [D:\src\AOSP-openjdk-cygwin\jdk8u\hotspot\src\share\vm\interpreter\interpreterRuntime.cpp, line 368]
Event: 3.782 Thread 0x000000000328a000 Exception <a 'java/lang/ArrayIndexOutOfBoundsException': 86> (0x00000000d8fc4e58) thrown at [D:\src\AOSP-openjdk-cygwin\jdk8u\hotspot\src\share\vm\interpreter\interpreterRuntime.cpp, line 368]
Event: 4.836 Thread 0x000000000328a000 Exception <a 'java/lang/NoSuchMethodError': java.lang.Object.lambda$static$0(I)[Lorg/jetbrains/kotlin/psi/KtExpression;> (0x00000000d743f660) thrown at [D:\src\AOSP-openjdk-cygwin\jdk8u\hotspot\src\share\vm\interpreter\linkResolver.cpp, line 620]
Event: 5.240 Thread 0x000000000328a000 Exception <a 'java/lang/NoSuchMethodError': java.lang.Object.lambda$static$0(I)[Lorg/jetbrains/kotlin/psi/KtDeclaration;> (0x00000000d63b3f08) thrown at [D:\src\AOSP-openjdk-cygwin\jdk8u\hotspot\src\share\vm\interpreter\linkResolver.cpp, line 620]
Event: 5.490 Thread 0x000000000328a000 Exception <a 'java/lang/NoSuchMethodError': java.lang.Object.lambda$static$0(I)[Lorg/jetbrains/kotlin/psi/KtTypeElement;> (0x00000000d6bff048) thrown at [D:\src\AOSP-openjdk-cygwin\jdk8u\hotspot\src\share\vm\interpreter\linkResolver.cpp, line 620]
Event: 6.323 Thread 0x000000000328a000 Exception <a 'java/lang/NoSuchMethodError': java.lang.Object.lambda$static$0(I)[Lorg/jetbrains/kotlin/com/intellij/psi/PsiClass;> (0x00000000d9805e10) thrown at [D:\src\AOSP-openjdk-cygwin\jdk8u\hotspot\src\share\vm\interpreter\linkResolver.cpp, line 620]

Events (10 events):
Event: 7.151 loading class org/jetbrains/kotlin/resolve/jvm/jvmSignature/JvmMethodGenericSignature
Event: 7.151 loading class org/jetbrains/kotlin/resolve/jvm/jvmSignature/JvmMethodGenericSignature done
Event: 7.151 loading class org/jetbrains/kotlin/resolve/jvm/jvmSignature/JvmMethodSignature
Event: 7.151 loading class org/jetbrains/kotlin/resolve/jvm/jvmSignature/JvmMethodSignature done
Event: 7.152 loading class org/jetbrains/kotlin/resolve/jvm/jvmSignature/KotlinToJvmSignatureMapperKt
Event: 7.152 loading class org/jetbrains/kotlin/resolve/jvm/jvmSignature/KotlinToJvmSignatureMapperKt done
Event: 7.156 loading class org/jetbrains/kotlin/load/java/components/JavaDeprecatedAnnotationDescriptor
Event: 7.156 loading class org/jetbrains/kotlin/load/java/components/JavaDeprecatedAnnotationDescriptor done
Event: 7.157 loading class org/jetbrains/kotlin/load/java/components/JavaDeprecatedAnnotationDescriptor$allValueArguments$2
Event: 7.157 loading class org/jetbrains/kotlin/load/java/components/JavaDeprecatedAnnotationDescriptor$allValueArguments$2 done


Dynamic libraries:
0x00007ff6a57f0000 - 0x00007ff6a5821000 	C:\Program Files\Android\Android Studio\jre\jre\bin\java.exe
0x00007ff99ffa0000 - 0x00007ff9a0190000 	C:\WINDOWS\SYSTEM32\ntdll.dll
0x00007ff99eed0000 - 0x00007ff99ef82000 	C:\WINDOWS\System32\KERNEL32.DLL
0x00007ff99d220000 - 0x00007ff99d4c4000 	C:\WINDOWS\System32\KERNELBASE.dll
0x00007ff99e050000 - 0x00007ff99e0f3000 	C:\WINDOWS\System32\ADVAPI32.dll
0x00007ff99ead0000 - 0x00007ff99eb6e000 	C:\WINDOWS\System32\msvcrt.dll
0x00007ff99e940000 - 0x00007ff99e9d7000 	C:\WINDOWS\System32\sechost.dll
0x00007ff99f8e0000 - 0x00007ff99fa00000 	C:\WINDOWS\System32\RPCRT4.dll
0x00007ff99f740000 - 0x00007ff99f8d4000 	C:\WINDOWS\System32\USER32.dll
0x00007ff99d7f0000 - 0x00007ff99d811000 	C:\WINDOWS\System32\win32u.dll
0x00007ff99f500000 - 0x00007ff99f526000 	C:\WINDOWS\System32\GDI32.dll
0x00007ff99cf30000 - 0x00007ff99d0c4000 	C:\WINDOWS\System32\gdi32full.dll
0x00007ff99d180000 - 0x00007ff99d21e000 	C:\WINDOWS\System32\msvcp_win.dll
0x00007ff99d6a0000 - 0x00007ff99d79a000 	C:\WINDOWS\System32\ucrtbase.dll
0x00007ff98d5a0000 - 0x00007ff98d824000 	C:\WINDOWS\WinSxS\amd64_microsoft.windows.common-controls_6595b64144ccf1df_6.0.18362.836_none_e6c4b943130f18ed\COMCTL32.dll
0x00007ff99f1c0000 - 0x00007ff99f4f6000 	C:\WINDOWS\System32\combase.dll
0x00007ff99dfd0000 - 0x00007ff99e050000 	C:\WINDOWS\System32\bcryptPrimitives.dll
0x00007ff99fac0000 - 0x00007ff99faee000 	C:\WINDOWS\System32\IMM32.DLL
0x0000000057750000 - 0x0000000057822000 	C:\Program Files\Android\Android Studio\jre\jre\bin\msvcr100.dll
0x0000000057910000 - 0x0000000058156000 	C:\Program Files\Android\Android Studio\jre\jre\bin\server\jvm.dll
0x00007ff99e100000 - 0x00007ff99e108000 	C:\WINDOWS\System32\PSAPI.DLL
0x00007ff996e60000 - 0x00007ff996e6a000 	C:\WINDOWS\SYSTEM32\VERSION.dll
0x00007ff98b300000 - 0x00007ff98b309000 	C:\WINDOWS\SYSTEM32\WSOCK32.dll
0x00007ff999b10000 - 0x00007ff999b34000 	C:\WINDOWS\SYSTEM32\WINMM.dll
0x00007ff99eb70000 - 0x00007ff99ebdf000 	C:\WINDOWS\System32\WS2_32.dll
0x00007ff999ae0000 - 0x00007ff999b0d000 	C:\WINDOWS\SYSTEM32\WINMMBASE.dll
0x00007ff99d7a0000 - 0x00007ff99d7ea000 	C:\WINDOWS\System32\cfgmgr32.dll
0x00007ff995d70000 - 0x00007ff995d7f000 	C:\Program Files\Android\Android Studio\jre\jre\bin\verify.dll
0x00007ff98df80000 - 0x00007ff98dfa9000 	C:\Program Files\Android\Android Studio\jre\jre\bin\java.dll
0x00007ff98f930000 - 0x00007ff98f946000 	C:\Program Files\Android\Android Studio\jre\jre\bin\zip.dll
0x00007ff99e250000 - 0x00007ff99e934000 	C:\WINDOWS\System32\SHELL32.dll
0x00007ff99ebe0000 - 0x00007ff99ec89000 	C:\WINDOWS\System32\shcore.dll
0x00007ff99d850000 - 0x00007ff99dfce000 	C:\WINDOWS\System32\windows.storage.dll
0x00007ff99ceb0000 - 0x00007ff99ced3000 	C:\WINDOWS\System32\profapi.dll
0x00007ff99cee0000 - 0x00007ff99cf2a000 	C:\WINDOWS\System32\powrprof.dll
0x00007ff99ce60000 - 0x00007ff99ce70000 	C:\WINDOWS\System32\UMPDC.dll
0x00007ff99fa00000 - 0x00007ff99fa52000 	C:\WINDOWS\System32\shlwapi.dll
0x00007ff99ce90000 - 0x00007ff99cea1000 	C:\WINDOWS\System32\kernel.appcore.dll
0x00007ff99d680000 - 0x00007ff99d697000 	C:\WINDOWS\System32\cryptsp.dll
0x00007ff97e0a0000 - 0x00007ff97e0ba000 	C:\Program Files\Android\Android Studio\jre\jre\bin\net.dll
0x00007ff98b4c0000 - 0x00007ff98b696000 	C:\WINDOWS\SYSTEM32\urlmon.dll
0x00007ff98a940000 - 0x00007ff98abe6000 	C:\WINDOWS\SYSTEM32\iertutil.dll
0x00007ff99c840000 - 0x00007ff99c84c000 	C:\WINDOWS\SYSTEM32\CRYPTBASE.DLL
0x00007ff99c670000 - 0x00007ff99c6d7000 	C:\WINDOWS\system32\mswsock.dll
0x00007ff97b330000 - 0x00007ff97b343000 	C:\Program Files\Android\Android Studio\jre\jre\bin\nio.dll

VM Arguments:
java_command: org.jetbrains.kotlin.cli.jvm.K2JVMCompiler -Xallow-no-source-files -classpath C:\Users\yuril\Desktop\Curso Android\Projetos\TCSImplementacao\app\build\intermediates\compile_and_runtime_not_namespaced_r_class_jar\debug\R.jar;C:\Users\yuril\.gradle\caches\transforms-2\files-2.1\86af69b4deac3f8b83d6fe1fe4c51691\jetified-kotlin-android-extensions-runtime-1.3.71.jar;C:\Users\yuril\.gradle\caches\transforms-2\files-2.1\2c6b88fc0844779fe877d8bf791f022d\jetified-kotlin-stdlib-jdk7-1.3.71.jar;C:\Users\yuril\.gradle\caches\transforms-2\files-2.1\6675ea61bda9be782405ce158077b16c\navigation-fragment-ktx-2.2.2-api.jar;C:\Users\yuril\.gradle\caches\transforms-2\files-2.1\85650680fdbc62b52198108b921f7dd1\jetified-fragment-ktx-1.2.4-api.jar;C:\Users\yuril\.gradle\caches\transforms-2\files-2.1\3c19bba2ccdb8dc51fb7fb70d837eded\navigation-ui-ktx-2.2.2-api.jar;C:\Users\yuril\.gradle\caches\transforms-2\files-2.1\cdacadba1cd0c028da6e0be1460d07ce\navigation-runtime-ktx-2.2.2-api.jar;C:\Users\yuril\.gradle\caches\transforms-2\files-2.1\a896f00ecc0bd0b724a88c3c2bbf79bb\jetified-activity-ktx-1.1.0-api.jar;C:\Users\yuril\.gradle\caches\transforms-2\files-2.1\1299dc9249146bcc134ae960d114e4f5\jetified-core-ktx-1.2.0-api.jar;C:\Users\yuril\.gradle\caches\transforms-2\files-2.1\8240f3d83245731c669855c0bad6a817\jetified-lifecycle-viewmodel-ktx-2.2.0-api.jar;C:\Users\yuril\.gradle\caches\transforms-2\files-2.1\d316f5730cca0824e5b0305c252e613e\navigation-common-ktx-2.2.2-api.jar;C:\Users\yuril\.gradle\caches\transforms-2\files-2.1\83ba1594289b671f0c2a76e0d9b516e0\jetified-collection-ktx-1.1.0.jar;C:\Users\yuril\.gradle\caches\transforms-2\files-2.1\87f5a0a1c79a3e45f93f00a3aaafc962\jetified-lifecycle-livedata-core-ktx-2.2.0-api.jar;C:\Users\yuril\.gradle\caches\transforms-2\files-2.1\16c53d80a57aa198f77cf7829687e248\jetified-lifecycle-runtime-ktx-2.2.0-api.jar;C:\Users\yuril\.gradle\caches\transforms-2\files-2.1\7dfbb927faeca77f6f342c23c4e52d56\jetified-kotlinx-coroutines-android-1.3
java_class_path (initial): C:\Users\yuril\.gradle\caches\modules-2\files-2.1\org.jetbrains.kotlin\kotlin-compiler-embeddable\1.3.71\df961ae412445788a38170e27f90bad4e0824153\kotlin-compiler-embeddable-1.3.71.jar;C:\Users\yuril\.gradle\caches\modules-2\files-2.1\org.jetbrains.kotlin\kotlin-reflect\1.3.71\fca74670d8e6906a3241b3cf3732409ca77b2508\kotlin-reflect-1.3.71.jar;C:\Users\yuril\.gradle\caches\modules-2\files-2.1\org.jetbrains.kotlin\kotlin-stdlib\1.3.71\898273189ad22779da6bed88ded39b14cb5fd432\kotlin-stdlib-1.3.71.jar;C:\Users\yuril\.gradle\caches\modules-2\files-2.1\org.jetbrains.kotlin\kotlin-script-runtime\1.3.71\7f5522e7a9d1736fabfdb4335630f64504ce8f20\kotlin-script-runtime-1.3.71.jar;C:\Users\yuril\.gradle\caches\modules-2\files-2.1\org.jetbrains.kotlin\kotlin-daemon-embeddable\1.3.71\9729c4da2369c4cb84514297f6c652e05dc49d6b\kotlin-daemon-embeddable-1.3.71.jar;C:\Users\yuril\.gradle\caches\modules-2\files-2.1\org.jetbrains.intellij.deps\trove4j\1.0.20181211\216c2e14b070f334479d800987affe4054cd563f\trove4j-1.0.20181211.jar;C:\Users\yuril\.gradle\caches\modules-2\files-2.1\org.jetbrains.kotlin\kotlin-stdlib-common\1.3.71\e71c3fef58e26affeb03d675e91fd8abdd44aa7b\kotlin-stdlib-common-1.3.71.jar;C:\Users\yuril\.gradle\caches\modules-2\files-2.1\org.jetbrains\annotations\13.0\919f0dfe192fb4e063e7dacadee7f8bb9a2672a9\annotations-13.0.jar;C:\Program Files\Android\Android Studio\jre\lib\tools.jar
Launcher Type: SUN_STANDARD

Environment Variables:
PATH=C:\Program Files (x86)\Embarcadero\Studio\20.0\bin;C:\Users\Public\Documents\Embarcadero\Studio\20.0\Bpl;C:\Program Files (x86)\Embarcadero\Studio\20.0\bin64;C:\Users\Public\Documents\Embarcadero\Studio\20.0\Bpl\Win64;C:\Program Files (x86)\Common Files\Oracle\Java\javapath;C:\WINDOWS\system32;C:\WINDOWS;C:\WINDOWS\System32\Wbem;C:\WINDOWS\System32\WindowsPowerShell\v1.0\;C:\WINDOWS\System32\OpenSSH\;C:\Program Files\dotnet\;C:\Program Files\nodejs\;C:\Program Files\Microsoft SQL Server\130\Tools\Binn\;C:\Program Files\Microsoft SQL Server\Client SDK\ODBC\170\Tools\Binn\;C:\Program Files (x86)\Intel\Intel(R) Management Engine Components\DAL;C:\Program Files\Intel\Intel(R) Management Engine Components\DAL;C:\Users\yuril\AppData\Local\Microsoft\WindowsApps;C:\Users\yuril\AppData\Roaming\npm;C:\Users\yuril\AppData\Local\Programs\Microsoft VS Code\bin;C:\Users\yuril\AppData\Local\GitHubDesktop\bin;C:\Users\yuril\AppData\Local\Microsoft\WindowsApps;C:\src\flutter\bin;C:\Program Files\MongoDB\Server\4.0\bin;
USERNAME=yuril
OS=Windows_NT
PROCESSOR_IDENTIFIER=Intel64 Family 6 Model 78 Stepping 3, GenuineIntel



---------------  S Y S T E M  ---------------

OS: Windows 10.0 , 64 bit Build 18362 (10.0.18362.778)

CPU:total 4 (initial active 4) (2 cores per cpu, 2 threads per core) family 6 model 78 stepping 3, cmov, cx8, fxsr, mmx, sse, sse2, sse3, ssse3, sse4.1, sse4.2, popcnt, avx, avx2, aes, clmul, erms, 3dnowpref, lzcnt, ht, tsc, tscinvbit, bmi1, bmi2, adx

Memory: 4k page, physical 8264424k(1262324k free), swap 12458728k(5684k free)

vm_info: OpenJDK 64-Bit Server VM (25.212-b04) for windows-amd64 JRE (1.8.0_212-release-1586-b04), built by "builder" with MS VC++ 10.0 (VS2010)

time: Wed May 20 11:36:55 2020
timezone: Hora oficial do Brasil
elapsed time: 7 seconds (0d 0h 0m 7s)

